<?xml version="1.0" encoding="UTF-8"?>
<!-- Generated by org.testng.reporters.JUnitReportReporter -->
<testsuite hostname="DESKTOP-KAVYA" failures="0" tests="1" name="com.qa.testlayer.TestClass" time="16.754" errors="0" timestamp="2023-06-26T17:15:38 IST" skipped="0">
  <testcase classname="com.qa.testlayer.TestClass" name="mouseOver" time="16.754"/>
  <system-out/>
</testsuite> <!-- com.qa.testlayer.TestClass -->
